<?xml version="1.0" encoding="UTF-8"?>
<!-- Generated by org.testng.reporters.JUnitReportReporter -->
<testsuite hostname="Toufiq-ZSS" failures="0" tests="1" name="com.bongo.automation.test.bongoTest" time="35.750" errors="0" timestamp="2020-08-05T21:50:14 BDT" skipped="0">
  <testcase classname="com.bongo.automation.test.bongoTest" name="runSite" time="35.750"/>
  <system-out/>
</testsuite> <!-- com.bongo.automation.test.bongoTest -->
